2025-08-25 18:41:23,723 - __main__ - DEBUG - Environment variables: environ({'ACSETUPSVCPORT': '23210', 'ALLUSERSPROFILE': 'C:\\ProgramData', 'APPDATA': 'C:\\Users\\maxen\\AppData\\Roaming', 'COMMONPROGRAMFILES': 'C:\\Program Files\\Common Files', 'COMMONPROGRAMFILES(X86)': 'C:\\Program Files (x86)\\Common Files', 'COMMONPROGRAMW6432': 'C:\\Program Files\\Common Files', 'COMPUTERNAME': 'LAPTOP-EA58NK2H', 'COMSPEC': 'C:\\WINDOWS\\system32\\cmd.exe', 'DRIVERDATA': 'C:\\Windows\\System32\\Drivers\\DriverData', 'EFC_7004_1592913036': '1', 'HOMEDRIVE': 'C:', 'HOMEPATH': '\\Users\\maxen', 'LOCALAPPDATA': 'C:\\Users\\maxen\\AppData\\Local', 'LOGONSERVER': '\\\\LAPTOP-EA58NK2H', 'NUMBER_OF_PROCESSORS': '16', 'ONEDRIVE': 'C:\\Users\\maxen\\OneDrive\\BanvilleMaxence\\OneDrive', 'ONEDRIVECONSUMER': 'C:\\Users\\maxen\\OneDrive\\BanvilleMaxence\\OneDrive', 'OS': 'Windows_NT', 'PATH': 'C:\\Users\\maxen\\Downloads\\Adminbot\\TelegramBot-Beano-remove-game-features\\.venv\\Scripts;C:\\Program Files (x86)\\Razer Chroma SDK\\bin;C:\\Program Files\\Razer Chroma SDK\\bin;C:\\Windows\\system32;C:\\Windows;C:\\Windows\\System32\\Wbem;C:\\Windows\\System32\\WindowsPowerShell\\v1.0\\;C:\\Windows\\System32\\OpenSSH\\;C:\\Program Files (x86)\\NVIDIA Corporation\\PhysX\\Common;C:\\WINDOWS\\system32;C:\\WINDOWS;C:\\WINDOWS\\System32\\Wbem;C:\\WINDOWS\\System32\\WindowsPowerShell\\v1.0\\;C:\\WINDOWS\\System32\\OpenSSH\\;C:\\Program Files\\dotnet\\;C:\\Program Files\\NVIDIA Corporation\\NVIDIA App\\NvDLISR;C:\\Program Files\\Git\\cmd;C:\\Program Files\\Git\\cmd\\git.exe;C:\\WINDOWS\\system32\\config\\systemprofile\\AppData\\Local\\Microsoft\\WindowsApps;C:\\Program Files (x86)\\Razer\\ChromaBroadcast\\bin;C:\\Program Files\\Razer\\ChromaBroadcast\\bin;C:\\Users\\maxen\\AppData\\Local\\Programs\\Python\\Launcher\\;C:\\Users\\maxen\\AppData\\Local\\Microsoft\\WindowsApps;C:\\Program Files\\JetBrains\\PyCharm 2025.1.3.1\\bin;C:\\Program Files (x86)\\PowerShell\\7\\;C:\\Users\\maxen\\AppData\\Local\\Programs\\Python\\Launcher\\;C:\\Users\\maxen\\AppData\\Local\\Microsoft\\WindowsApps;;C:\\Program Files\\JetBrains\\PyCharm 2025.1.3.1\\bin;', 'PATHEXT': '.COM;.EXE;.BAT;.CMD;.VBS;.VBE;.JS;.JSE;.WSF;.WSH;.MSC', 'POWERSHELL_DISTRIBUTION_CHANNEL': 'MSI:Windows 10 Enterprise', 'PROCESSOR_ARCHITECTURE': 'AMD64', 'PROCESSOR_IDENTIFIER': 'AMD64 Family 25 Model 80 Stepping 0, AuthenticAMD', 'PROCESSOR_LEVEL': '25', 'PROCESSOR_REVISION': '5000', 'PROGRAMDATA': 'C:\\ProgramData', 'PROGRAMFILES': 'C:\\Program Files', 'PROGRAMFILES(X86)': 'C:\\Program Files (x86)', 'PROGRAMW6432': 'C:\\Program Files', 'PROMPT': '(.venv) $P$G', 'PSMODULEPATH': 'C:\\Program Files\\WindowsPowerShell\\Modules;C:\\WINDOWS\\system32\\WindowsPowerShell\\v1.0\\Modules', 'PUBLIC': 'C:\\Users\\Public', 'PYCHARM': 'C:\\Program Files\\JetBrains\\PyCharm 2025.1.3.1\\bin;', 'PYCHARM_DISPLAY_PORT': '63342', 'PYCHARM_HOSTED': '1', 'PYCHARM_INTERACTIVE_PLOTS': '1', 'PYCHARM_PROJECT_ID': 'fbbcdfe', 'PYCHARM_UUID': '01fa3055-25da-3560-953b-f191b844a447', 'PYTHONIOENCODING': 'UTF-8', 'PYTHONPATH': 'C:\\Users\\maxen\\Downloads\\AdminBot-Beano-fix-jobqueue-crash\\AdminBot-Beano-fix-jobqueue-crash\\TelegramBot-Beano-remove-game-features\\TelegramBot-Beano-remove-game-features;C:/Program Files/JetBrains/PyCharm 2025.1.3.1/plugins/python-ce/helpers/pycharm_plotly_backend;C:/Program Files/JetBrains/PyCharm 2025.1.3.1/plugins/python-ce/helpers/pycharm_matplotlib_backend;C:/Program Files/JetBrains/PyCharm 2025.1.3.1/plugins/python-ce/helpers/pycharm_display', 'PYTHONUNBUFFERED': '1', 'RLSSVCPORT': '22112', 'SESSIONNAME': 'Console', 'SYSTEMDRIVE': 'C:', 'SYSTEMROOT': 'C:\\WINDOWS', 'TELEGRAM_TOKEN': '7399829223:AAE06Hr0DDZHy8HSdb1jOrHjnT4vf6ewxSw', 'TEMP': 'C:\\Users\\maxen\\AppData\\Local\\Temp', 'TMP': 'C:\\Users\\maxen\\AppData\\Local\\Temp', 'USERDOMAIN': 'LAPTOP-EA58NK2H', 'USERDOMAIN_ROAMINGPROFILE': 'LAPTOP-EA58NK2H', 'USERNAME': 'Max', 'USERPROFILE': 'C:\\Users\\maxen', 'VIRTUAL_ENV': 'C:\\Users\\maxen\\Downloads\\Adminbot\\TelegramBot-Beano-remove-game-features\\.venv', 'WINDIR': 'C:\\WINDOWS', '_OLD_VIRTUAL_PATH': 'C:\\Program Files (x86)\\Razer Chroma SDK\\bin;C:\\Program Files\\Razer Chroma SDK\\bin;C:\\Windows\\system32;C:\\Windows;C:\\Windows\\System32\\Wbem;C:\\Windows\\System32\\WindowsPowerShell\\v1.0\\;C:\\Windows\\System32\\OpenSSH\\;C:\\Program Files (x86)\\NVIDIA Corporation\\PhysX\\Common;C:\\WINDOWS\\system32;C:\\WINDOWS;C:\\WINDOWS\\System32\\Wbem;C:\\WINDOWS\\System32\\WindowsPowerShell\\v1.0\\;C:\\WINDOWS\\System32\\OpenSSH\\;C:\\Program Files\\dotnet\\;C:\\Program Files\\NVIDIA Corporation\\NVIDIA App\\NvDLISR;C:\\Program Files\\Git\\cmd;C:\\Program Files\\Git\\cmd\\git.exe;C:\\WINDOWS\\system32\\config\\systemprofile\\AppData\\Local\\Microsoft\\WindowsApps;C:\\Program Files (x86)\\Razer\\ChromaBroadcast\\bin;C:\\Program Files\\Razer\\ChromaBroadcast\\bin;C:\\Users\\maxen\\AppData\\Local\\Programs\\Python\\Launcher\\;C:\\Users\\maxen\\AppData\\Local\\Microsoft\\WindowsApps;C:\\Program Files\\JetBrains\\PyCharm 2025.1.3.1\\bin;C:\\Program Files (x86)\\PowerShell\\7\\;C:\\Users\\maxen\\AppData\\Local\\Programs\\Python\\Launcher\\;C:\\Users\\maxen\\AppData\\Local\\Microsoft\\WindowsApps;;C:\\Program Files\\JetBrains\\PyCharm 2025.1.3.1\\bin;', '_OLD_VIRTUAL_PROMPT': '$P$G'})
2025-08-25 18:41:23,727 - __main__ - INFO - Starting Telegram Bot...
2025-08-25 18:41:23,727 - __main__ - DEBUG - TOKEN value: 7399829223:AAE06Hr0DDZHy8HSdb1jOrHjnT4vf6ewxSw
2025-08-25 18:41:27,593 - __main__ - INFO - Polling...
2025-08-25 18:41:27,594 - asyncio - DEBUG - Using proactor: IocpProactor
2025-08-25 18:42:36,919 - __main__ - DEBUG - Environment variables: environ({'ACSETUPSVCPORT': '23210', 'ALLUSERSPROFILE': 'C:\\ProgramData', 'APPDATA': 'C:\\Users\\maxen\\AppData\\Roaming', 'COMMONPROGRAMFILES': 'C:\\Program Files\\Common Files', 'COMMONPROGRAMFILES(X86)': 'C:\\Program Files (x86)\\Common Files', 'COMMONPROGRAMW6432': 'C:\\Program Files\\Common Files', 'COMPUTERNAME': 'LAPTOP-EA58NK2H', 'COMSPEC': 'C:\\WINDOWS\\system32\\cmd.exe', 'DRIVERDATA': 'C:\\Windows\\System32\\Drivers\\DriverData', 'EFC_7004_1592913036': '1', 'HOMEDRIVE': 'C:', 'HOMEPATH': '\\Users\\maxen', 'LOCALAPPDATA': 'C:\\Users\\maxen\\AppData\\Local', 'LOGONSERVER': '\\\\LAPTOP-EA58NK2H', 'NUMBER_OF_PROCESSORS': '16', 'ONEDRIVE': 'C:\\Users\\maxen\\OneDrive\\BanvilleMaxence\\OneDrive', 'ONEDRIVECONSUMER': 'C:\\Users\\maxen\\OneDrive\\BanvilleMaxence\\OneDrive', 'OS': 'Windows_NT', 'PATH': 'C:\\Users\\maxen\\Downloads\\Adminbot\\TelegramBot-Beano-remove-game-features\\.venv\\Scripts;C:\\Program Files (x86)\\Razer Chroma SDK\\bin;C:\\Program Files\\Razer Chroma SDK\\bin;C:\\Windows\\system32;C:\\Windows;C:\\Windows\\System32\\Wbem;C:\\Windows\\System32\\WindowsPowerShell\\v1.0\\;C:\\Windows\\System32\\OpenSSH\\;C:\\Program Files (x86)\\NVIDIA Corporation\\PhysX\\Common;C:\\WINDOWS\\system32;C:\\WINDOWS;C:\\WINDOWS\\System32\\Wbem;C:\\WINDOWS\\System32\\WindowsPowerShell\\v1.0\\;C:\\WINDOWS\\System32\\OpenSSH\\;C:\\Program Files\\dotnet\\;C:\\Program Files\\NVIDIA Corporation\\NVIDIA App\\NvDLISR;C:\\Program Files\\Git\\cmd;C:\\Program Files\\Git\\cmd\\git.exe;C:\\WINDOWS\\system32\\config\\systemprofile\\AppData\\Local\\Microsoft\\WindowsApps;C:\\Program Files (x86)\\Razer\\ChromaBroadcast\\bin;C:\\Program Files\\Razer\\ChromaBroadcast\\bin;C:\\Users\\maxen\\AppData\\Local\\Programs\\Python\\Launcher\\;C:\\Users\\maxen\\AppData\\Local\\Microsoft\\WindowsApps;C:\\Program Files\\JetBrains\\PyCharm 2025.1.3.1\\bin;C:\\Program Files (x86)\\PowerShell\\7\\;C:\\Users\\maxen\\AppData\\Local\\Programs\\Python\\Launcher\\;C:\\Users\\maxen\\AppData\\Local\\Microsoft\\WindowsApps;;C:\\Program Files\\JetBrains\\PyCharm 2025.1.3.1\\bin;', 'PATHEXT': '.COM;.EXE;.BAT;.CMD;.VBS;.VBE;.JS;.JSE;.WSF;.WSH;.MSC', 'POWERSHELL_DISTRIBUTION_CHANNEL': 'MSI:Windows 10 Enterprise', 'PROCESSOR_ARCHITECTURE': 'AMD64', 'PROCESSOR_IDENTIFIER': 'AMD64 Family 25 Model 80 Stepping 0, AuthenticAMD', 'PROCESSOR_LEVEL': '25', 'PROCESSOR_REVISION': '5000', 'PROGRAMDATA': 'C:\\ProgramData', 'PROGRAMFILES': 'C:\\Program Files', 'PROGRAMFILES(X86)': 'C:\\Program Files (x86)', 'PROGRAMW6432': 'C:\\Program Files', 'PROMPT': '(.venv) $P$G', 'PSMODULEPATH': 'C:\\Program Files\\WindowsPowerShell\\Modules;C:\\WINDOWS\\system32\\WindowsPowerShell\\v1.0\\Modules', 'PUBLIC': 'C:\\Users\\Public', 'PYCHARM': 'C:\\Program Files\\JetBrains\\PyCharm 2025.1.3.1\\bin;', 'PYCHARM_DISPLAY_PORT': '63342', 'PYCHARM_HOSTED': '1', 'PYCHARM_INTERACTIVE_PLOTS': '1', 'PYCHARM_PROJECT_ID': 'fbbcdfe', 'PYCHARM_UUID': '01fa3055-25da-3560-953b-f191b844a447', 'PYTHONIOENCODING': 'UTF-8', 'PYTHONPATH': 'C:\\Users\\maxen\\Downloads\\AdminBot-Beano-fix-jobqueue-crash\\AdminBot-Beano-fix-jobqueue-crash\\TelegramBot-Beano-remove-game-features\\TelegramBot-Beano-remove-game-features;C:/Program Files/JetBrains/PyCharm 2025.1.3.1/plugins/python-ce/helpers/pycharm_plotly_backend;C:/Program Files/JetBrains/PyCharm 2025.1.3.1/plugins/python-ce/helpers/pycharm_matplotlib_backend;C:/Program Files/JetBrains/PyCharm 2025.1.3.1/plugins/python-ce/helpers/pycharm_display', 'PYTHONUNBUFFERED': '1', 'RLSSVCPORT': '22112', 'SESSIONNAME': 'Console', 'SYSTEMDRIVE': 'C:', 'SYSTEMROOT': 'C:\\WINDOWS', 'TELEGRAM_TOKEN': '7399829223:AAE06Hr0DDZHy8HSdb1jOrHjnT4vf6ewxSw', 'TEMP': 'C:\\Users\\maxen\\AppData\\Local\\Temp', 'TMP': 'C:\\Users\\maxen\\AppData\\Local\\Temp', 'USERDOMAIN': 'LAPTOP-EA58NK2H', 'USERDOMAIN_ROAMINGPROFILE': 'LAPTOP-EA58NK2H', 'USERNAME': 'Max', 'USERPROFILE': 'C:\\Users\\maxen', 'VIRTUAL_ENV': 'C:\\Users\\maxen\\Downloads\\Adminbot\\TelegramBot-Beano-remove-game-features\\.venv', 'WINDIR': 'C:\\WINDOWS', '_OLD_VIRTUAL_PATH': 'C:\\Program Files (x86)\\Razer Chroma SDK\\bin;C:\\Program Files\\Razer Chroma SDK\\bin;C:\\Windows\\system32;C:\\Windows;C:\\Windows\\System32\\Wbem;C:\\Windows\\System32\\WindowsPowerShell\\v1.0\\;C:\\Windows\\System32\\OpenSSH\\;C:\\Program Files (x86)\\NVIDIA Corporation\\PhysX\\Common;C:\\WINDOWS\\system32;C:\\WINDOWS;C:\\WINDOWS\\System32\\Wbem;C:\\WINDOWS\\System32\\WindowsPowerShell\\v1.0\\;C:\\WINDOWS\\System32\\OpenSSH\\;C:\\Program Files\\dotnet\\;C:\\Program Files\\NVIDIA Corporation\\NVIDIA App\\NvDLISR;C:\\Program Files\\Git\\cmd;C:\\Program Files\\Git\\cmd\\git.exe;C:\\WINDOWS\\system32\\config\\systemprofile\\AppData\\Local\\Microsoft\\WindowsApps;C:\\Program Files (x86)\\Razer\\ChromaBroadcast\\bin;C:\\Program Files\\Razer\\ChromaBroadcast\\bin;C:\\Users\\maxen\\AppData\\Local\\Programs\\Python\\Launcher\\;C:\\Users\\maxen\\AppData\\Local\\Microsoft\\WindowsApps;C:\\Program Files\\JetBrains\\PyCharm 2025.1.3.1\\bin;C:\\Program Files (x86)\\PowerShell\\7\\;C:\\Users\\maxen\\AppData\\Local\\Programs\\Python\\Launcher\\;C:\\Users\\maxen\\AppData\\Local\\Microsoft\\WindowsApps;;C:\\Program Files\\JetBrains\\PyCharm 2025.1.3.1\\bin;', '_OLD_VIRTUAL_PROMPT': '$P$G'})
2025-08-25 18:42:36,923 - __main__ - INFO - Starting Telegram Bot...
2025-08-25 18:42:36,923 - __main__ - DEBUG - TOKEN value: 7399829223:AAE06Hr0DDZHy8HSdb1jOrHjnT4vf6ewxSw
2025-08-25 18:42:37,629 - __main__ - INFO - Polling...
2025-08-25 18:42:37,630 - asyncio - DEBUG - Using proactor: IocpProactor
2025-08-25 18:42:48,032 - __main__ - DEBUG - Running periodic inactive user check...
2025-08-25 18:42:56,608 - __main__ - DEBUG - Updated activity for user 7237569475 in group -1002638822611
2025-08-25 18:42:57,059 - __main__ - DEBUG - Loaded hashtag data: []
2025-08-25 18:42:57,306 - __main__ - DEBUG - No data found for command: remove
2025-08-25 18:43:03,322 - __main__ - DEBUG - Loaded hashtag data: []
2025-08-25 18:43:07,292 - __main__ - DEBUG - Updated activity for user 7237569475 in group -1002638822611
2025-08-25 18:43:07,402 - __main__ - DEBUG - Loaded hashtag data: []
2025-08-25 18:43:07,650 - __main__ - DEBUG - No data found for command: test
2025-08-25 18:43:22,182 - __main__ - DEBUG - No admin data file found, using default owner as admin.
2025-08-25 18:43:22,182 - __main__ - DEBUG - is_owner(7237569475) -> True
2025-08-25 18:43:40,776 - __main__ - DEBUG - No admin data file found, using default owner as admin.
2025-08-25 18:43:40,776 - __main__ - DEBUG - is_owner(7237569475) -> True
2025-08-25 18:43:41,307 - __main__ - ERROR - Exception while handling an update:
Traceback (most recent call last):
  File "C:\Users\maxen\Downloads\Adminbot\TelegramBot-Beano-remove-game-features\.venv\Lib\site-packages\telegram\ext\_application.py", line 1311, in process_update
    await coroutine
  File "C:\Users\maxen\Downloads\Adminbot\TelegramBot-Beano-remove-game-features\.venv\Lib\site-packages\telegram\ext\_handlers\basehandler.py", line 158, in handle_update
    return await self.callback(update, context)
           ^^^^^^^^^^^^^^^^^^^^^^^^^^^^^^^^^^^^
  File "C:\Users\maxen\Downloads\AdminBot-Beano-fix-jobqueue-crash\AdminBot-Beano-fix-jobqueue-crash\TelegramBot-Beano-remove-game-features\TelegramBot-Beano-remove-game-features\Main.py", line 88, in wrapper
    await func(update, context, *args, **kwargs)
  File "C:\Users\maxen\Downloads\AdminBot-Beano-fix-jobqueue-crash\AdminBot-Beano-fix-jobqueue-crash\TelegramBot-Beano-remove-game-features\TelegramBot-Beano-remove-game-features\Main.py", line 182, in removenickname_command
    target_id = await get_user_id_by_username(context, update.effective_chat.id, target_identifier)
                ^^^^^^^^^^^^^^^^^^^^^^^^^^^^^^^^^^^^^^^^^^^^^^^^^^^^^^^^^^^^^^^^^^^^^^^^^^^^^^^^^^^
  File "C:\Users\maxen\Downloads\AdminBot-Beano-fix-jobqueue-crash\AdminBot-Beano-fix-jobqueue-crash\TelegramBot-Beano-remove-game-features\TelegramBot-Beano-remove-game-features\Main.py", line 266, in get_user_id_by_username
    async for member in await context.bot.get_chat_administrators(chat_id):
                        ^^^^^^^^^^^^^^^^^^^^^^^^^^^^^^^^^^^^^^^^^^^^^^^^^^
TypeError: 'async for' requires an object with __aiter__ method, got tuple
2025-08-25 18:43:41,310 - __main__ - ERROR - An exception was raised while handling an update
<pre>update = {
  &quot;message&quot;: {
    &quot;channel_chat_created&quot;: false,
    &quot;delete_chat_photo&quot;: false,
    &quot;entities&quot;: [
      {
        &quot;length&quot;: 15,
        &quot;offset&quot;: 0,
        &quot;type&quot;: &quot;bot_command&quot;
      },
      {
        &quot;length&quot;: 11,
        &quot;offset&quot;: 16,
        &quot;type&quot;: &quot;mention&quot;
      }
    ],
    &quot;group_chat_created&quot;: false,
    &quot;supergroup_chat_created&quot;: false,
    &quot;text&quot;: &quot;/removenickname @HappyBeano&quot;,
    &quot;chat&quot;: {
      &quot;id&quot;: -1002638822611,
      &quot;title&quot;: &quot;Beano&#x27;s pack&quot;,
      &quot;type&quot;: &quot;supergroup&quot;
    },
    &quot;date&quot;: 1756161820,
    &quot;message_id&quot;: 1349,
    &quot;from&quot;: {
      &quot;first_name&quot;: &quot;Beano&quot;,
      &quot;id&quot;: 7237569475,
      &quot;is_bot&quot;: false,
      &quot;language_code&quot;: &quot;en&quot;,
      &quot;username&quot;: &quot;BeansOfBeano&quot;
    }
  },
  &quot;update_id&quot;: 817138525
}</pre>

<pre>context.chat_data = {}</pre>

<pre>context.user_data = {}</pre>

<pre>Traceback (most recent call last):
  File &quot;C:\Users\maxen\Downloads\Adminbot\TelegramBot-Beano-remove-game-features\.venv\Lib\site-packages\telegram\ext\_application.py&quot;, line 1311, in process_update
    await coroutine
  File &quot;C:\Users\maxen\Downloads\Adminbot\TelegramBot-Beano-remove-game-features\.venv\Lib\site-packages\telegram\ext\_handlers\basehandler.py&quot;, line 158, in handle_update
    return await self.callback(update, context)
           ^^^^^^^^^^^^^^^^^^^^^^^^^^^^^^^^^^^^
  File &quot;C:\Users\maxen\Downloads\AdminBot-Beano-fix-jobqueue-crash\AdminBot-Beano-fix-jobqueue-crash\TelegramBot-Beano-remove-game-features\TelegramBot-Beano-remove-game-features\Main.py&quot;, line 88, in wrapper
    await func(update, context, *args, **kwargs)
  File &quot;C:\Users\maxen\Downloads\AdminBot-Beano-fix-jobqueue-crash\AdminBot-Beano-fix-jobqueue-crash\TelegramBot-Beano-remove-game-features\TelegramBot-Beano-remove-game-features\Main.py&quot;, line 182, in removenickname_command
    target_id = await get_user_id_by_username(context, update.effective_chat.id, target_identifier)
                ^^^^^^^^^^^^^^^^^^^^^^^^^^^^^^^^^^^^^^^^^^^^^^^^^^^^^^^^^^^^^^^^^^^^^^^^^^^^^^^^^^^
  File &quot;C:\Users\maxen\Downloads\AdminBot-Beano-fix-jobqueue-crash\AdminBot-Beano-fix-jobqueue-crash\TelegramBot-Beano-remove-game-features\TelegramBot-Beano-remove-game-features\Main.py&quot;, line 266, in get_user_id_by_username
    async for member in await context.bot.get_chat_administrators(chat_id):
                        ^^^^^^^^^^^^^^^^^^^^^^^^^^^^^^^^^^^^^^^^^^^^^^^^^^
TypeError: &#x27;async for&#x27; requires an object with __aiter__ method, got tuple
</pre>
2025-08-25 18:43:51,674 - __main__ - DEBUG - Updated activity for user 7237569475 in group -1002638822611
2025-08-25 18:43:51,675 - __main__ - DEBUG - Loaded hashtag data: []
2025-08-25 18:43:51,675 - __main__ - DEBUG - Saved single message under tag #test
2025-08-25 18:43:51,675 - __main__ - DEBUG - Saved hashtag data: ['test']
2025-08-25 18:43:52,408 - __main__ - WARNING - Failed to notify admin 7399829223 about new hashtagged post.
2025-08-25 18:44:00,906 - __main__ - DEBUG - Updated activity for user 7237569475 in group -1002638822611
2025-08-25 18:44:01,238 - __main__ - DEBUG - Loaded hashtag data: ['test']
2025-08-25 18:44:04,530 - __main__ - DEBUG - Loaded hashtag data: ['test']
2025-08-25 18:44:09,020 - __main__ - DEBUG - Updated activity for user 7237569475 in group -1002638822611
2025-08-25 18:44:09,128 - __main__ - DEBUG - Loaded hashtag data: ['test']
2025-08-25 18:44:09,385 - __main__ - DEBUG - No data found for command: remove
2025-08-25 18:44:12,886 - __main__ - DEBUG - Updated activity for user 7237569475 in group -1002638822611
2025-08-25 18:44:12,886 - __main__ - DEBUG - Loaded hashtag data: ['test']
2025-08-25 18:44:12,886 - __main__ - DEBUG - Saved hashtag data: []
2025-08-25 18:44:16,524 - __main__ - DEBUG - Updated activity for user 7237569475 in group -1002638822611
2025-08-25 18:44:16,634 - __main__ - DEBUG - Loaded hashtag data: []
2025-08-25 18:44:16,971 - __main__ - DEBUG - No data found for command: test
2025-08-25 18:44:32,568 - __main__ - DEBUG - Loaded hashtag data: []
